<?xml version="1.0" encoding="UTF-8"?>
<!-- Generated by org.testng.reporters.JUnitReportReporter -->
<testsuite skipped="0" hostname="DESKTOP-0LT175G" name="testframework.AppTest" tests="1" failures="0" timestamp="19 Jun 2019 23:40:26 GMT" time="33.763" errors="0">
  <testcase name="test" time="33.763" classname="testframework.AppTest"/>
</testsuite> <!-- testframework.AppTest -->
