<?xml version="1.0" encoding="UTF-8"?>
<!-- Generated by org.testng.reporters.JUnitReportReporter -->
<testsuite skipped="0" hostname="DESKTOP-0LT175G" name="testframework.ATurnToggleSwitchOnTest" tests="2" failures="0" timestamp="05 Jul 2019 21:26:45 GMT" time="6.972" errors="0">
  <testcase name="toggleSwitchButton" time="4.537" classname="testframework.ATurnToggleSwitchOnTest"/>
  <testcase name="clickPrefCodeButton" time="2.435" classname="testframework.ATurnToggleSwitchOnTest"/>
</testsuite> <!-- testframework.ATurnToggleSwitchOnTest -->
