<?xml version="1.0" encoding="UTF-8"?>
<!-- Generated by org.testng.reporters.JUnitReportReporter -->
<testsuite skipped="0" hostname="DESKTOP-0LT175G" name="testframework.YChildCheckBoxTest" tests="2" failures="0" timestamp="05 Jul 2019 21:26:45 GMT" time="5.906" errors="0">
  <testcase name="dclickChildCheckBox" time="3.152" classname="testframework.YChildCheckBoxTest"/>
  <testcase name="clickOnPreferencCode" time="2.754" classname="testframework.YChildCheckBoxTest"/>
</testsuite> <!-- testframework.YChildCheckBoxTest -->
