<?xml version="1.0" encoding="UTF-8"?>
<!-- Generated by org.testng.reporters.JUnitReportReporter -->
<testsuite skipped="0" hostname="DESKTOP-0LT175G" name="testframework.WifiConnectionTest" tests="2" failures="0" timestamp="05 Jul 2019 21:26:45 GMT" time="26.525" errors="0">
  <testcase name="clickOnPrefDependency" time="2.612" classname="testframework.WifiConnectionTest"/>
  <testcase name="settingWifi" time="23.913" classname="testframework.WifiConnectionTest"/>
</testsuite> <!-- testframework.WifiConnectionTest -->
